
Showing logs for build [32mcb-kubecd-environment-pr-205-11-4snzg-1[0m stage [32mfrom-build-pack[0m and container [32mstep-credential-initializer-62wx2[0m
{"level":"info","ts":1587380720.318939,"logger":"fallback-logger","caller":"logging/config.go:69","msg":"Fetch GitHub commit ID from kodata failed: open /var/run/ko/refs/heads/0.8.0-ns-support: no such file or directory"}
{"level":"info","ts":1587380720.3197632,"logger":"fallback-logger","caller":"creds-init/main.go:40","msg":"Credentials initialized."}

Showing logs for build [32mcb-kubecd-environment-pr-205-11-4snzg-1[0m stage [32mfrom-build-pack[0m and container [32mstep-working-dir-initializer-8r2fr[0m
{"level":"info","ts":1587380721.6363897,"logger":"fallback-logger","caller":"logging/config.go:69","msg":"Fetch GitHub commit ID from kodata failed: open /var/run/ko/HEAD: no such file or directory"}
{"level":"info","ts":1587380721.6384192,"logger":"fallback-logger","caller":"bash/main.go:64","msg":"Successfully executed command \"sh -c mkdir -p /workspace/source\"; output "}

Showing logs for build [32mcb-kubecd-environment-pr-205-11-4snzg-1[0m stage [32mfrom-build-pack[0m and container [32mstep-place-tools[0m

Showing logs for build [32mcb-kubecd-environment-pr-205-11-4snzg-1[0m stage [32mfrom-build-pack[0m and container [32mstep-git-source-cb-kubecd-environment-pr-205-11-4snzg-zr89q[0m
{"level":"info","ts":1587380724.7758045,"logger":"fallback-logger","caller":"logging/config.go:69","msg":"Fetch GitHub commit ID from kodata failed: open /var/run/ko/refs/heads/0.8.0-ns-support: no such file or directory"}
{"level":"info","ts":1587380725.7748506,"logger":"fallback-logger","caller":"git/git.go:103","msg":"Successfully cloned https://github.com/cb-kubecd/environment-pr-205-114-boot-vault-gke-production.git @ master in path /workspace/source"}

Showing logs for build [32mcb-kubecd-environment-pr-205-11-4snzg-1[0m stage [32mfrom-build-pack[0m and container [32mstep-git-merge[0m
Using SHAs from PULL_REFS=master:5ae2cd5a096fdb1f5dc52b46d729027b2ab2d6af,1:7fb5bbc14a62b6f31ad38b26b317dbfb913035fb
DEBUG: LC_ALL=C JX_LOG_LEVEL=error git fetch origin --unshallow 7fb5bbc14a62b6f31ad38b26b317dbfb913035fb: 5ae2cd5a096fdb1f5dc52b46d729027b2ab2d6af:
DEBUG: ran git fetch --unshallow origin 7fb5bbc14a62b6f31ad38b26b317dbfb913035fb: 5ae2cd5a096fdb1f5dc52b46d729027b2ab2d6af: in 
DEBUG: LC_ALL=C JX_LOG_LEVEL=error git branch
DEBUG: LC_ALL=C JX_LOG_LEVEL=error git checkout master
DEBUG: ran git checkout master in 
DEBUG: LC_ALL=C JX_LOG_LEVEL=error git reset --hard 5ae2cd5a096fdb1f5dc52b46d729027b2ab2d6af
DEBUG: ran git reset --hard 5ae2cd5a096fdb1f5dc52b46d729027b2ab2d6af in 
DEBUG: LC_ALL=C JX_LOG_LEVEL=error git clean -fd .
DEBUG: ran clean --force -d . in 
DEBUG: LC_ALL=C JX_LOG_LEVEL=error git merge 7fb5bbc14a62b6f31ad38b26b317dbfb913035fb
DEBUG: ran git merge 7fb5bbc14a62b6f31ad38b26b317dbfb913035fb in 
DEBUG: JX_LOG_LEVEL=error LC_ALL=C git log --format=%H%x1f%an%x1f%ae%x1f%cn%x1f%ce%x1f%s%n%b%x1e 5ae2cd5a096fdb1f5dc52b46d729027b2ab2d6af..HEAD
Merged SHA 7fb5bbc14a62b6f31ad38b26b317dbfb913035fb with commit message 'chore: Promote bdd-spring-1587379316 to version 0.0.1' into base branch master

Showing logs for build [32mcb-kubecd-environment-pr-205-11-4snzg-1[0m stage [32mfrom-build-pack[0m and container [32mstep-build-helm-build[0m
WARNING: No $CHART_REPOSITORY defined so using the default value of: http://jenkins-x-chartmuseum:8080
Adding missing Helm repo: storage.googleapis.com https://storage.googleapis.com/chartmuseum.jenkins-x.io
WARNING: No secrets found on "helm/repos" due: reading the secret "helm/repos" from vault: no secret "helm/repos" not found in vault
Read credentials for https://storage.googleapis.com/chartmuseum.jenkins-x.io from vault helm/repos
Successfully added Helm repository storage.googleapis.com.
Adding missing Helm repo: jenkins-x-chartmuseum http://jenkins-x-chartmuseum:8080
WARNING: No secrets found on "helm/repos" due: reading the secret "helm/repos" from vault: no secret "helm/repos" not found in vault
Read credentials for http://jenkins-x-chartmuseum:8080 from vault helm/repos
Successfully added Helm repository jenkins-x-chartmuseum.
WARNING: No $CHART_REPOSITORY defined so using the default value of: http://jenkins-x-chartmuseum:8080
Adding missing Helm repo: chartmuseum.jenkins-x.io http://chartmuseum.jenkins-x.io
WARNING: No secrets found on "helm/repos" due: reading the secret "helm/repos" from vault: no secret "helm/repos" not found in vault
Read credentials for http://chartmuseum.jenkins-x.io from vault helm/repos
Successfully added Helm repository chartmuseum.jenkins-x.io.
